{"C:\\Users\\USER\\Desktop\\Test\\task-management\\src\\components\\Admin\\TaskManagement\\CreateTask.tsx": {"path":"C:\\Users\\USER\\Desktop\\Test\\task-management\\src\\components\\Admin\\TaskManagement\\CreateTask.tsx","statementMap":{"0":{"start":{"line":1,"column":0},"end":{"line":1,"column":51}},"1":{"start":{"line":2,"column":0},"end":{"line":2,"column":74}},"2":{"start":{"line":3,"column":0},"end":{"line":3,"column":26}},"3":{"start":{"line":5,"column":19},"end":{"line":5,"column":26}},"4":{"start":{"line":7,"column":29},"end":{"line":197,"column":1}},"5":{"start":{"line":8,"column":48},"end":{"line":8,"column":77}},"6":{"start":{"line":8,"column":25},"end":{"line":8,"column":27}},"7":{"start":{"line":8,"column":44},"end":{"line":8,"column":48}},"8":{"start":{"line":9,"column":30},"end":{"line":9,"column":78}},"9":{"start":{"line":9,"column":16},"end":{"line":9,"column":18}},"10":{"start":{"line":9,"column":26},"end":{"line":9,"column":30}},"11":{"start":{"line":10,"column":36},"end":{"line":17,"column":6}},"12":{"start":{"line":10,"column":19},"end":{"line":10,"column":21}},"13":{"start":{"line":10,"column":32},"end":{"line":10,"column":36}},"14":{"start":{"line":19,"column":4},"end":{"line":31,"column":11}},"15":{"start":{"line":20,"column":27},"end":{"line":29,"column":10}},"16":{"start":{"line":22,"column":33},"end":{"line":24,"column":null}},"17":{"start":{"line":22,"column":22},"end":{"line":24,"column":null}},"18":{"start":{"line":25,"column":16},"end":{"line":25,"column":40}},"19":{"start":{"line":27,"column":16},"end":{"line":27,"column":62}},"20":{"start":{"line":30,"column":8},"end":{"line":30,"column":21}},"21":{"start":{"line":33,"column":29},"end":{"line":71,"column":6}},"22":{"start":{"line":34,"column":16},"end":{"line":34,"column":null}},"23":{"start":{"line":37,"column":8},"end":{"line":40,"column":9}},"24":{"start":{"line":38,"column":12},"end":{"line":38,"column":52}},"25":{"start":{"line":39,"column":12},"end":{"line":39,"column":19}},"26":{"start":{"line":43,"column":29},"end":{"line":53,"column":null}},"27":{"start":{"line":43,"column":18},"end":{"line":53,"column":null}},"28":{"start":{"line":55,"column":12},"end":{"line":55,"column":57}},"29":{"start":{"line":56,"column":12},"end":{"line":56,"column":39}},"30":{"start":{"line":58,"column":12},"end":{"line":65,"column":15}},"31":{"start":{"line":66,"column":12},"end":{"line":66,"column":36}},"32":{"start":{"line":68,"column":12},"end":{"line":68,"column":57}},"33":{"start":{"line":69,"column":12},"end":{"line":69,"column":51}},"34":{"start":{"line":73,"column":25},"end":{"line":81,"column":5}},"35":{"start":{"line":76,"column":32},"end":{"line":76,"column":40}},"36":{"start":{"line":76,"column":20},"end":{"line":76,"column":22}},"37":{"start":{"line":76,"column":27},"end":{"line":76,"column":32}},"38":{"start":{"line":77,"column":8},"end":{"line":80,"column":12}},"39":{"start":{"line":77,"column":34},"end":{"line":80,"column":11}},"40":{"start":{"line":83,"column":29},"end":{"line":88,"column":5}},"41":{"start":{"line":84,"column":8},"end":{"line":87,"column":12}},"42":{"start":{"line":84,"column":34},"end":{"line":87,"column":11}},"43":{"start":{"line":90,"column":31},"end":{"line":95,"column":5}},"44":{"start":{"line":91,"column":8},"end":{"line":94,"column":12}},"45":{"start":{"line":91,"column":34},"end":{"line":94,"column":11}},"46":{"start":{"line":97,"column":4},"end":{"line":196,"column":6}},"47":{"start":{"line":137,"column":36},"end":{"line":137,"column":null}},"48":{"start":{"line":147,"column":36},"end":{"line":147,"column":null}},"49":{"start":{"line":157,"column":49},"end":{"line":157,"column":null}},"50":{"start":{"line":159,"column":49},"end":{"line":163,"column":30}},"51":{"start":{"line":199,"column":0},"end":{"line":199,"column":26}}},"fnMap":{"0":{"name":"(anonymous_16)","decl":{"start":{"line":7,"column":29},"end":{"line":7,"column":null}},"loc":{"start":{"line":7,"column":29},"end":{"line":197,"column":1}}},"1":{"name":"(anonymous_17)","decl":{"start":{"line":19,"column":14},"end":{"line":19,"column":null}},"loc":{"start":{"line":19,"column":14},"end":{"line":31,"column":5}}},"2":{"name":"(anonymous_18)","decl":{"start":{"line":20,"column":27},"end":{"line":20,"column":null}},"loc":{"start":{"line":20,"column":27},"end":{"line":29,"column":10}}},"3":{"name":"(anonymous_21)","decl":{"start":{"line":33,"column":29},"end":{"line":33,"column":null}},"loc":{"start":{"line":33,"column":29},"end":{"line":71,"column":6}}},"4":{"name":"(anonymous_24)","decl":{"start":{"line":73,"column":25},"end":{"line":73,"column":null}},"loc":{"start":{"line":74,"column":68},"end":{"line":81,"column":5}}},"5":{"name":"(anonymous_25)","decl":{"start":{"line":77,"column":20},"end":{"line":77,"column":21}},"loc":{"start":{"line":77,"column":29},"end":{"line":77,"column":null}}},"6":{"name":"(anonymous_26)","decl":{"start":{"line":83,"column":29},"end":{"line":83,"column":30}},"loc":{"start":{"line":83,"column":74},"end":{"line":88,"column":5}}},"7":{"name":"(anonymous_27)","decl":{"start":{"line":84,"column":20},"end":{"line":84,"column":21}},"loc":{"start":{"line":84,"column":29},"end":{"line":84,"column":null}}},"8":{"name":"(anonymous_28)","decl":{"start":{"line":90,"column":31},"end":{"line":90,"column":32}},"loc":{"start":{"line":90,"column":48},"end":{"line":95,"column":5}}},"9":{"name":"(anonymous_29)","decl":{"start":{"line":91,"column":20},"end":{"line":91,"column":21}},"loc":{"start":{"line":91,"column":29},"end":{"line":91,"column":null}}},"10":{"name":"(anonymous_30)","decl":{"start":{"line":136,"column":42},"end":{"line":136,"column":43}},"loc":{"start":{"line":136,"column":47},"end":{"line":137,"column":52}}},"11":{"name":"(anonymous_31)","decl":{"start":{"line":146,"column":42},"end":{"line":146,"column":43}},"loc":{"start":{"line":146,"column":47},"end":{"line":147,"column":52}}},"12":{"name":"(anonymous_32)","decl":{"start":{"line":157,"column":38},"end":{"line":157,"column":39}},"loc":{"start":{"line":157,"column":44},"end":{"line":157,"column":66}}},"13":{"name":"(anonymous_33)","decl":{"start":{"line":159,"column":39},"end":{"line":159,"column":40}},"loc":{"start":{"line":159,"column":44},"end":{"line":159,"column":null}}}},"branchMap":{"0":{"loc":{"start":{"line":37,"column":8},"end":{"line":40,"column":9}},"type":"if","locations":[{"start":{"line":37,"column":8},"end":{"line":40,"column":9}}]},"1":{"loc":{"start":{"line":37,"column":12},"end":{"line":37,"column":82}},"type":"binary-expr","locations":[{"start":{"line":37,"column":12},"end":{"line":37,"column":21}},{"start":{"line":37,"column":25},"end":{"line":37,"column":35}},{"start":{"line":37,"column":39},"end":{"line":37,"column":47}},{"start":{"line":37,"column":51},"end":{"line":37,"column":66}},{"start":{"line":37,"column":70},"end":{"line":37,"column":82}}]},"2":{"loc":{"start":{"line":156,"column":35},"end":{"line":156,"column":62}},"type":"binary-expr","locations":[{"start":{"line":156,"column":35},"end":{"line":156,"column":49}},{"start":{"line":156,"column":53},"end":{"line":156,"column":62}}]}},"s":{"0":1,"1":1,"2":1,"3":1,"4":1,"5":5,"6":5,"7":5,"8":5,"9":5,"10":5,"11":5,"12":5,"13":5,"14":5,"15":2,"16":1,"17":1,"18":1,"19":0,"20":1,"21":6,"22":1,"23":1,"24":1,"25":1,"26":0,"27":0,"28":0,"29":0,"30":0,"31":0,"32":0,"33":0,"34":5,"35":2,"36":2,"37":2,"38":2,"39":2,"40":5,"41":0,"42":0,"43":5,"44":0,"45":0,"46":5,"47":0,"48":0,"49":1,"50":8,"51":1},"f":{"0":5,"1":1,"2":2,"3":2,"4":2,"5":2,"6":0,"7":0,"8":0,"9":0,"10":0,"11":0,"12":1,"13":8},"b":{"0":[1],"1":[1,1,0,0,0],"2":[5,2]}}
}
